<?xml version='1.0' encoding='UTF-8'?>
<testsuite hostname="DESKTOP-SR0RB1U" name="edu.colorado.csci3155s2021.project2.CanvasTests" tests="11" errors="0" failures="0" skipped="0" time="0.046" timestamp="2021-04-07T14:53:51">
                     <properties>
      <property name="jline.esc.timeout" value="0"/><property name="java.runtime.name" value="OpenJDK Runtime Environment"/><property name="sun.boot.library.path" value="C:\Users\Tyler\.jdks\corretto-1.8.0_282\jre\bin"/><property name="java.vm.version" value="25.282-b08"/><property name="java.vm.vendor" value="Amazon.com Inc."/><property name="java.vendor.url" value="https://aws.amazon.com/corretto/"/><property name="path.separator" value=";"/><property name="jna.loaded" value="true"/><property name="java.vm.name" value="OpenJDK 64-Bit Server VM"/><property name="file.encoding.pkg" value="sun.io"/><property name="user.country" value="US"/><property name="user.script" value=""/><property name="sun.java.launcher" value="SUN_STANDARD"/><property name="sun.os.patch.level" value=""/><property name="jna.nosys" value="true"/><property name="java.vm.specification.name" value="Java Virtual Machine Specification"/><property name="user.dir" value="C:\Users\Tyler\Desktop\Spring 2021\PPL\project2"/><property name="java.runtime.version" value="1.8.0_282-b08"/><property name="java.awt.graphicsenv" value="sun.awt.Win32GraphicsEnvironment"/><property name="idea.managed" value="true"/><property name="java.endorsed.dirs" value="C:\Users\Tyler\.jdks\corretto-1.8.0_282\jre\lib\endorsed"/><property name="os.arch" value="amd64"/><property name="java.io.tmpdir" value="C:\Users\Tyler\AppData\Local\Temp\"/><property name="line.separator" value="
"/><property name="java.vm.specification.vendor" value="Oracle Corporation"/><property name="log4j.ignoreTCL" value="true"/><property name="user.variant" value=""/><property name="os.name" value="Windows 10"/><property name="sbt.log.noformat" value="true"/><property name="sun.jnu.encoding" value="Cp1252"/><property name="jnidispatch.path" value="C:\Users\Tyler\AppData\Local\Temp\jna-81287508\jna7414658394539503878.dll"/><property name="java.library.path" value="C:\Users\Tyler\.jdks\corretto-1.8.0_282\bin;C:\Windows\Sun\Java\bin;C:\Windows\system32;C:\Windows;C:\Program Files\Common Files\Oracle\Java\javapath;C:\Windows\system32;C:\Windows;C:\Windows\System32\Wbem;C:\Windows\System32\WindowsPowerShell\v1.0\;C:\Windows\System32\OpenSSH\;C:\Program Files (x86)\NVIDIA Corporation\PhysX\Common;C:\Program Files\NVIDIA Corporation\NVIDIA NvDLISR;C:\Program Files\Docker\Docker\resources\bin;C:\ProgramData\DockerDesktop\version-bin;C:\Users\Tyler\AppData\Local\Microsoft\WindowsApps;C:\Users\Tyler\AppData\Local\atom\bin;."/><property name="sun.awt.enableExtraMouseButtons" value="true"/><property name="java.specification.name" value="Java Platform API Specification"/><property name="java.class.version" value="52.0"/><property name="sun.management.compiler" value="HotSpot 64-Bit Tiered Compilers"/><property name="os.version" value="10.0"/><property name="swoval.tmpdir" value="C:\Users\Tyler\.sbt\1.0"/><property name="user.home" value="C:\Users\Tyler"/><property name="user.timezone" value="America/Denver"/><property name="java.awt.printerjob" value="sun.awt.windows.WPrinterJob"/><property name="file.encoding" value="UTF-8"/><property name="java.specification.version" value="1.8"/><property name="java.class.path" value="C:\Users\Tyler\AppData\Roaming\JetBrains\IdeaIC2020.3\plugins\Scala\launcher\sbt-launch.jar"/><property name="user.name" value="Tyler"/><property name="jline.shutdownhook" value="false"/><property name="java.vm.specification.version" value="1.8"/><property name="sun.java.command" value="C:\Users\Tyler\AppData\Roaming\JetBrains\IdeaIC2020.3\plugins\Scala\launcher\sbt-launch.jar early(addPluginSbtFile=&quot;&quot;&quot;C:\Users\Tyler\AppData\Local\Temp\idea.sbt&quot;&quot;&quot;) ; set ideaPort in Global := 63231 ; idea-shell"/><property name="java.home" value="C:\Users\Tyler\.jdks\corretto-1.8.0_282\jre"/><property name="sun.arch.data.model" value="64"/><property name="user.language" value="en"/><property name="java.specification.vendor" value="Oracle Corporation"/><property name="awt.toolkit" value="sun.awt.windows.WToolkit"/><property name="java.vm.info" value="mixed mode"/><property name="java.version" value="1.8.0_282"/><property name="java.ext.dirs" value="C:\Users\Tyler\.jdks\corretto-1.8.0_282\jre\lib\ext;C:\Windows\Sun\Java\lib\ext"/><property name="sun.boot.class.path" value="C:\Users\Tyler\.jdks\corretto-1.8.0_282\jre\lib\resources.jar;C:\Users\Tyler\.jdks\corretto-1.8.0_282\jre\lib\rt.jar;C:\Users\Tyler\.jdks\corretto-1.8.0_282\jre\lib\sunrsasign.jar;C:\Users\Tyler\.jdks\corretto-1.8.0_282\jre\lib\jsse.jar;C:\Users\Tyler\.jdks\corretto-1.8.0_282\jre\lib\jce.jar;C:\Users\Tyler\.jdks\corretto-1.8.0_282\jre\lib\charsets.jar;C:\Users\Tyler\.jdks\corretto-1.8.0_282\jre\lib\jfr.jar;C:\Users\Tyler\.jdks\corretto-1.8.0_282\jre\classes"/><property name="java.vendor" value="Amazon.com Inc."/><property name="sun.stderr.encoding" value="cp437"/><property name="file.separator" value="\"/><property name="java.vendor.url.bug" value="https://github.com/corretto/corretto-8/issues/"/><property name="sbt.supershell" value="false"/><property name="sun.io.unicode.encoding" value="UnicodeLittle"/><property name="sun.cpu.endian" value="little"/><property name="sun.stdout.encoding" value="cp437"/><property name="sun.desktop" value="windows"/><property name="sun.cpu.isalist" value="amd64"/>
    </properties>
                     <testcase classname="edu.colorado.csci3155s2021.project2.CanvasTests" name="Test Bounding Box with Polygon" time="0.031">
                                                 
                                               </testcase><testcase classname="edu.colorado.csci3155s2021.project2.CanvasTests" name="Test Bounding Box with Circle" time="0.002">
                                                 
                                               </testcase><testcase classname="edu.colorado.csci3155s2021.project2.CanvasTests" name="Test Bounding Box with two circles and one polygon" time="0.0">
                                                 
                                               </testcase><testcase classname="edu.colorado.csci3155s2021.project2.CanvasTests" name="Test Overlap of two figures" time="0.001">
                                                 
                                               </testcase><testcase classname="edu.colorado.csci3155s2021.project2.CanvasTests" name="Test Place Right" time="0.001">
                                                 
                                               </testcase><testcase classname="edu.colorado.csci3155s2021.project2.CanvasTests" name="Test Place Top" time="0.0">
                                                 
                                               </testcase><testcase classname="edu.colorado.csci3155s2021.project2.CanvasTests" name="Test Rotate 0" time="0.004">
                                                 
                                               </testcase><testcase classname="edu.colorado.csci3155s2021.project2.CanvasTests" name="Test Rotate 1" time="0.0">
                                                 
                                               </testcase><testcase classname="edu.colorado.csci3155s2021.project2.CanvasTests" name="Test Rotate 2" time="0.003">
                                                 
                                               </testcase><testcase classname="edu.colorado.csci3155s2021.project2.CanvasTests" name="Test Rotate 3" time="0.003">
                                                 
                                               </testcase><testcase classname="edu.colorado.csci3155s2021.project2.CanvasTests" name="Test Translate" time="0.001">
                                                 
                                               </testcase>
                     <system-out><![CDATA[]]></system-out>
                     <system-err><![CDATA[]]></system-err>
                   </testsuite>